{"/Users/taojiang/Documents/study/my-dapp/src/utils/index.ts": {"path":"/Users/taojiang/Documents/study/my-dapp/src/utils/index.ts","statementMap":{"0":{"start":{"line":1,"column":29},"end":{"line":1,"column":46}},"1":{"start":{"line":1,"column":47},"end":{"line":1,"column":296}},"2":{"start":{"line":1,"column":117},"end":{"line":1,"column":183}},"3":{"start":{"line":1,"column":132},"end":{"line":1,"column":183}},"4":{"start":{"line":1,"column":224},"end":{"line":1,"column":232}},"5":{"start":{"line":1,"column":259},"end":{"line":1,"column":267}},"6":{"start":{"line":1,"column":284},"end":{"line":1,"column":292}},"7":{"start":{"line":1,"column":333},"end":{"line":1,"column":372}},"8":{"start":{"line":1,"column":392},"end":{"line":1,"column":1049}},"9":{"start":{"line":1,"column":396},"end":{"line":1,"column":762}},"10":{"start":{"line":1,"column":412},"end":{"line":1,"column":474}},"11":{"start":{"line":1,"column":434},"end":{"line":1,"column":474}},"12":{"start":{"line":1,"column":474},"end":{"line":1,"column":539}},"13":{"start":{"line":1,"column":497},"end":{"line":1,"column":539}},"14":{"start":{"line":1,"column":539},"end":{"line":1,"column":606}},"15":{"start":{"line":1,"column":556},"end":{"line":1,"column":606}},"16":{"start":{"line":1,"column":606},"end":{"line":1,"column":690}},"17":{"start":{"line":1,"column":640},"end":{"line":1,"column":690}},"18":{"start":{"line":1,"column":714},"end":{"line":1,"column":762}},"19":{"start":{"line":1,"column":762},"end":{"line":1,"column":819}},"20":{"start":{"line":1,"column":769},"end":{"line":1,"column":819}},"21":{"start":{"line":1,"column":819},"end":{"line":1,"column":842}},"22":{"start":{"line":1,"column":828},"end":{"line":1,"column":842}},"23":{"start":{"line":1,"column":848},"end":{"line":1,"column":874}},"24":{"start":{"line":1,"column":875},"end":{"line":1,"column":892}},"25":{"start":{"line":1,"column":883},"end":{"line":1,"column":892}},"26":{"start":{"line":1,"column":898},"end":{"line":1,"column":916}},"27":{"start":{"line":1,"column":919},"end":{"line":1,"column":942}},"28":{"start":{"line":1,"column":943},"end":{"line":1,"column":962}},"29":{"start":{"line":1,"column":972},"end":{"line":1,"column":998}},"30":{"start":{"line":1,"column":990},"end":{"line":1,"column":998}},"31":{"start":{"line":1,"column":998},"end":{"line":1,"column":1048}}},"fnMap":{"0":{"name":"r","decl":{"start":{"line":1,"column":22},"end":{"line":1,"column":23}},"loc":{"start":{"line":1,"column":28},"end":{"line":1,"column":47}},"line":1},"1":{"name":"(anonymous_1)","decl":{"start":{"line":1,"column":103},"end":{"line":1,"column":104}},"loc":{"start":{"line":1,"column":116},"end":{"line":1,"column":184}},"line":1},"2":{"name":"(anonymous_2)","decl":{"start":{"line":1,"column":213},"end":{"line":1,"column":214}},"loc":{"start":{"line":1,"column":223},"end":{"line":1,"column":233}},"line":1},"3":{"name":"(anonymous_3)","decl":{"start":{"line":1,"column":248},"end":{"line":1,"column":249}},"loc":{"start":{"line":1,"column":258},"end":{"line":1,"column":268}},"line":1},"4":{"name":"(anonymous_4)","decl":{"start":{"line":1,"column":273},"end":{"line":1,"column":274}},"loc":{"start":{"line":1,"column":283},"end":{"line":1,"column":293}},"line":1},"5":{"name":"(anonymous_5)","decl":{"start":{"line":1,"column":318},"end":{"line":1,"column":319}},"loc":{"start":{"line":1,"column":332},"end":{"line":1,"column":373}},"line":1},"6":{"name":"e","decl":{"start":{"line":1,"column":383},"end":{"line":1,"column":384}},"loc":{"start":{"line":1,"column":391},"end":{"line":1,"column":1050}},"line":1},"7":{"name":"(anonymous_7)","decl":{"start":{"line":1,"column":400},"end":{"line":1,"column":401}},"loc":{"start":{"line":1,"column":411},"end":{"line":1,"column":691}},"line":1}},"branchMap":{"0":{"loc":{"start":{"line":1,"column":36},"end":{"line":1,"column":46}},"type":"cond-expr","locations":[{"start":{"line":1,"column":41},"end":{"line":1,"column":42}},{"start":{"line":1,"column":43},"end":{"line":1,"column":46}}],"line":1},"1":{"loc":{"start":{"line":1,"column":387},"end":{"line":1,"column":390}},"type":"default-arg","locations":[{"start":{"line":1,"column":389},"end":{"line":1,"column":390}}],"line":1},"2":{"loc":{"start":{"line":1,"column":396},"end":{"line":1,"column":762}},"type":"if","locations":[{"start":{"line":1,"column":396},"end":{"line":1,"column":762}},{"start":{},"end":{}}],"line":1},"3":{"loc":{"start":{"line":1,"column":412},"end":{"line":1,"column":474}},"type":"if","locations":[{"start":{"line":1,"column":412},"end":{"line":1,"column":474}},{"start":{},"end":{}}],"line":1},"4":{"loc":{"start":{"line":1,"column":474},"end":{"line":1,"column":539}},"type":"if","locations":[{"start":{"line":1,"column":474},"end":{"line":1,"column":539}},{"start":{},"end":{}}],"line":1},"5":{"loc":{"start":{"line":1,"column":539},"end":{"line":1,"column":606}},"type":"if","locations":[{"start":{"line":1,"column":539},"end":{"line":1,"column":606}},{"start":{},"end":{}}],"line":1},"6":{"loc":{"start":{"line":1,"column":606},"end":{"line":1,"column":690}},"type":"if","locations":[{"start":{"line":1,"column":606},"end":{"line":1,"column":690}},{"start":{},"end":{}}],"line":1},"7":{"loc":{"start":{"line":1,"column":762},"end":{"line":1,"column":819}},"type":"if","locations":[{"start":{"line":1,"column":762},"end":{"line":1,"column":819}},{"start":{},"end":{}}],"line":1},"8":{"loc":{"start":{"line":1,"column":819},"end":{"line":1,"column":842}},"type":"if","locations":[{"start":{"line":1,"column":819},"end":{"line":1,"column":842}},{"start":{},"end":{}}],"line":1},"9":{"loc":{"start":{"line":1,"column":875},"end":{"line":1,"column":892}},"type":"if","locations":[{"start":{"line":1,"column":875},"end":{"line":1,"column":892}},{"start":{},"end":{}}],"line":1},"10":{"loc":{"start":{"line":1,"column":972},"end":{"line":1,"column":998}},"type":"if","locations":[{"start":{"line":1,"column":972},"end":{"line":1,"column":998}},{"start":{},"end":{}}],"line":1}},"s":{"0":2,"1":1,"2":1,"3":3,"4":0,"5":0,"6":2,"7":0,"8":0,"9":0,"10":0,"11":0,"12":0,"13":0,"14":0,"15":0,"16":0,"17":0,"18":0,"19":0,"20":0,"21":0,"22":0,"23":0,"24":0,"25":0,"26":0,"27":0,"28":0,"29":0,"30":0,"31":0},"f":{"0":2,"1":1,"2":0,"3":0,"4":2,"5":0,"6":0,"7":0},"b":{"0":[1,1],"1":[0],"2":[0,0],"3":[0,0],"4":[0,0],"5":[0,0],"6":[0,0],"7":[0,0],"8":[0,0],"9":[0,0],"10":[0,0]},"inputSourceMap":{"0":"{","1":"\"","2":"v","3":"e","4":"r","5":"s","6":"i","7":"o","8":"n","9":"\"","10":":","11":"3","12":",","13":"\"","14":"s","15":"o","16":"u","17":"r","18":"c","19":"e","20":"s","21":"\"","22":":","23":"[","24":"\"","25":"/","26":"U","27":"s","28":"e","29":"r","30":"s","31":"/","32":"t","33":"a","34":"o","35":"j","36":"i","37":"a","38":"n","39":"g","40":"/","41":"D","42":"o","43":"c","44":"u","45":"m","46":"e","47":"n","48":"t","49":"s","50":"/","51":"s","52":"t","53":"u","54":"d","55":"y","56":"/","57":"m","58":"y","59":"-","60":"d","61":"a","62":"p","63":"p","64":"/","65":"s","66":"r","67":"c","68":"/","69":"u","70":"t","71":"i","72":"l","73":"s","74":"/","75":"i","76":"n","77":"d","78":"e","79":"x","80":".","81":"t","82":"s","83":"\"","84":"]","85":",","86":"\"","87":"s","88":"o","89":"u","90":"r","91":"c","92":"e","93":"s","94":"C","95":"o","96":"n","97":"t","98":"e","99":"n","100":"t","101":"\"","102":":","103":"[","104":"\"","105":"e","106":"x","107":"p","108":"o","109":"r","110":"t","111":" ","112":"f","113":"u","114":"n","115":"c","116":"t","117":"i","118":"o","119":"n","120":" ","121":"s","122":"u","123":"m","124":"(","125":"a","126":":","127":" ","128":"n","129":"u","130":"m","131":"b","132":"e","133":"r","134":",","135":" ","136":"b","137":":","138":" ","139":"n","140":"u","141":"m","142":"b","143":"e","144":"r","145":")","146":" ","147":"{","148":"\\","149":"n","150":" ","151":" ","152":"i","153":"f","154":" ","155":"(","156":"a","157":" ","158":"=","159":"=","160":" ","161":"1","162":")","163":" ","164":"{","165":"\\","166":"n","167":" ","168":" ","169":" ","170":" ","171":"r","172":"e","173":"t","174":"u","175":"r","176":"n","177":" ","178":"1","179":";","180":"\\","181":"n","182":" ","183":" ","184":"}","185":" ","186":"e","187":"l","188":"s","189":"e","190":" ","191":"{","192":"\\","193":"n","194":" ","195":" ","196":" ","197":" ","198":"r","199":"e","200":"t","201":"u","202":"r","203":"n","204":" ","205":"a","206":" ","207":"+","208":" ","209":"b","210":";","211":"\\","212":"n","213":" ","214":" ","215":"}","216":"\\","217":"n","218":"}","219":"\\","220":"n","221":"\\","222":"n","223":"/","224":"*","225":"*","226":"\\","227":"n","228":" ","229":"*","230":" ","231":"C","232":"u","233":"s","234":"t","235":"o","236":"m","237":" ","238":"e","239":"r","240":"r","241":"o","242":"r","243":" ","244":"c","245":"l","246":"a","247":"s","248":"s","249":" ","250":"f","251":"o","252":"r","253":" ","254":"a","255":"d","256":"d","257":"r","258":"e","259":"s","260":"s","261":" ","262":"f","263":"o","264":"r","265":"m","266":"a","267":"t","268":"t","269":"i","270":"n","271":"g","272":" ","273":"e","274":"r","275":"r","276":"o","277":"r","278":"s","279":"\\","280":"n","281":" ","282":"*","283":"/","284":"\\","285":"n","286":"e","287":"x","288":"p","289":"o","290":"r","291":"t","292":" ","293":"c","294":"l","295":"a","296":"s","297":"s","298":" ","299":"A","300":"d","301":"d","302":"r","303":"e","304":"s","305":"s","306":"F","307":"o","308":"r","309":"m","310":"a","311":"t","312":"E","313":"r","314":"r","315":"o","316":"r","317":" ","318":"e","319":"x","320":"t","321":"e","322":"n","323":"d","324":"s","325":" ","326":"E","327":"r","328":"r","329":"o","330":"r","331":" ","332":"{","333":"\\","334":"n","335":" ","336":" ","337":"c","338":"o","339":"n","340":"s","341":"t","342":"r","343":"u","344":"c","345":"t","346":"o","347":"r","348":"(","349":"m","350":"e","351":"s","352":"s","353":"a","354":"g","355":"e","356":":","357":" ","358":"s","359":"t","360":"r","361":"i","362":"n","363":"g","364":")","365":" ","366":"{","367":"\\","368":"n","369":" ","370":" ","371":" ","372":" ","373":"s","374":"u","375":"p","376":"e","377":"r","378":"(","379":"m","380":"e","381":"s","382":"s","383":"a","384":"g","385":"e","386":")","387":";","388":"\\","389":"n","390":" ","391":" ","392":" ","393":" ","394":"t","395":"h","396":"i","397":"s","398":".","399":"n","400":"a","401":"m","402":"e","403":" ","404":"=","405":" ","406":"'","407":"A","408":"d","409":"d","410":"r","411":"e","412":"s","413":"s","414":"F","415":"o","416":"r","417":"m","418":"a","419":"t","420":"E","421":"r","422":"r","423":"o","424":"r","425":"'","426":";","427":"\\","428":"n","429":" ","430":" ","431":"}","432":"\\","433":"n","434":"}","435":"\\","436":"n","437":"\\","438":"n","439":"/","440":"*","441":"*","442":"\\","443":"n","444":" ","445":"*","446":" ","447":"V","448":"a","449":"l","450":"i","451":"d","452":"a","453":"t","454":"e","455":"s","456":" ","457":"i","458":"f","459":" ","460":"a","461":" ","462":"s","463":"t","464":"r","465":"i","466":"n","467":"g","468":" ","469":"i","470":"s","471":" ","472":"a","473":" ","474":"v","475":"a","476":"l","477":"i","478":"d","479":" ","480":"E","481":"t","482":"h","483":"e","484":"r","485":"e","486":"u","487":"m","488":" ","489":"a","490":"d","491":"d","492":"r","493":"e","494":"s","495":"s","496":"\\","497":"n","498":" ","499":"*","500":"\\","501":"n","502":" ","503":"*","504":" ","505":"@","506":"p","507":"a","508":"r","509":"a","510":"m","511":" ","512":"a","513":"d","514":"d","515":"r","516":"e","517":"s","518":"s","519":" ","520":"-","521":" ","522":"T","523":"h","524":"e","525":" ","526":"a","527":"d","528":"d","529":"r","530":"e","531":"s","532":"s","533":" ","534":"t","535":"o","536":" ","537":"v","538":"a","539":"l","540":"i","541":"d","542":"a","543":"t","544":"e","545":"\\","546":"n","547":" ","548":"*","549":" ","550":"@","551":"t","552":"h","553":"r","554":"o","555":"w","556":"s","557":" ","558":"{","559":"A","560":"d","561":"d","562":"r","563":"e","564":"s","565":"s","566":"F","567":"o","568":"r","569":"m","570":"a","571":"t","572":"E","573":"r","574":"r","575":"o","576":"r","577":"}","578":" ","579":"I","580":"f","581":" ","582":"t","583":"h","584":"e","585":" ","586":"a","587":"d","588":"d","589":"r","590":"e","591":"s","592":"s","593":" ","594":"i","595":"s","596":" ","597":"i","598":"n","599":"v","600":"a","601":"l","602":"i","603":"d","604":"\\","605":"n","606":" ","607":"*","608":"/","609":"\\","610":"n","611":"f","612":"u","613":"n","614":"c","615":"t","616":"i","617":"o","618":"n","619":" ","620":"v","621":"a","622":"l","623":"i","624":"d","625":"a","626":"t","627":"e","628":"A","629":"d","630":"d","631":"r","632":"e","633":"s","634":"s","635":"(","636":"a","637":"d","638":"d","639":"r","640":"e","641":"s","642":"s","643":":","644":" ","645":"s","646":"t","647":"r","648":"i","649":"n","650":"g","651":")","652":":","653":" ","654":"v","655":"o","656":"i","657":"d","658":" ","659":"{","660":"\\","661":"n","662":" ","663":" ","664":"i","665":"f","666":" ","667":"(","668":"t","669":"y","670":"p","671":"e","672":"o","673":"f","674":" ","675":"a","676":"d","677":"d","678":"r","679":"e","680":"s","681":"s","682":" ","683":"!","684":"=","685":"=","686":" ","687":"'","688":"s","689":"t","690":"r","691":"i","692":"n","693":"g","694":"'","695":")","696":" ","697":"{","698":"\\","699":"n","700":" ","701":" ","702":" ","703":" ","704":"t","705":"h","706":"r","707":"o","708":"w","709":" ","710":"n","711":"e","712":"w","713":" ","714":"A","715":"d","716":"d","717":"r","718":"e","719":"s","720":"s","721":"F","722":"o","723":"r","724":"m","725":"a","726":"t","727":"E","728":"r","729":"r","730":"o","731":"r","732":"(","733":"'","734":"A","735":"d","736":"d","737":"r","738":"e","739":"s","740":"s","741":" ","742":"m","743":"u","744":"s","745":"t","746":" ","747":"b","748":"e","749":" ","750":"a","751":" ","752":"s","753":"t","754":"r","755":"i","756":"n","757":"g","758":"'","759":")","760":";","761":"\\","762":"n","763":" ","764":" ","765":"}","766":"\\","767":"n","768":"\\","769":"n","770":" ","771":" ","772":"i","773":"f","774":" ","775":"(","776":"!","777":"a","778":"d","779":"d","780":"r","781":"e","782":"s","783":"s","784":".","785":"s","786":"t","787":"a","788":"r","789":"t","790":"s","791":"W","792":"i","793":"t","794":"h","795":"(","796":"'","797":"0","798":"x","799":"'","800":")","801":")","802":" ","803":"{","804":"\\","805":"n","806":" ","807":" ","808":" ","809":" ","810":"t","811":"h","812":"r","813":"o","814":"w","815":" ","816":"n","817":"e","818":"w","819":" ","820":"A","821":"d","822":"d","823":"r","824":"e","825":"s","826":"s","827":"F","828":"o","829":"r","830":"m","831":"a","832":"t","833":"E","834":"r","835":"r","836":"o","837":"r","838":"(","839":"'","840":"A","841":"d","842":"d","843":"r","844":"e","845":"s","846":"s","847":" ","848":"m","849":"u","850":"s","851":"t","852":" ","853":"s","854":"t","855":"a","856":"r","857":"t","858":" ","859":"w","860":"i","861":"t","862":"h","863":" ","864":"0","865":"x","866":"'","867":")","868":";","869":"\\","870":"n","871":" ","872":" ","873":"}","874":"\\","875":"n","876":"\\","877":"n","878":" ","879":" ","880":"i","881":"f","882":" ","883":"(","884":"a","885":"d","886":"d","887":"r","888":"e","889":"s","890":"s","891":".","892":"l","893":"e","894":"n","895":"g","896":"t","897":"h","898":" ","899":"!","900":"=","901":"=","902":" ","903":"4","904":"2","905":")","906":" ","907":"{","908":"\\","909":"n","910":" ","911":" ","912":" ","913":" ","914":"t","915":"h","916":"r","917":"o","918":"w","919":" ","920":"n","921":"e","922":"w","923":" ","924":"A","925":"d","926":"d","927":"r","928":"e","929":"s","930":"s","931":"F","932":"o","933":"r","934":"m","935":"a","936":"t","937":"E","938":"r","939":"r","940":"o","941":"r","942":"(","943":"'","944":"A","945":"d","946":"d","947":"r","948":"e","949":"s","950":"s","951":" ","952":"m","953":"u","954":"s","955":"t","956":" ","957":"b","958":"e","959":" ","960":"4","961":"2","962":" ","963":"c","964":"h","965":"a","966":"r","967":"a","968":"c","969":"t","970":"e","971":"r","972":"s","973":" ","974":"l","975":"o","976":"n","977":"g","978":"'","979":")","980":";","981":"\\","982":"n","983":" ","984":" ","985":"}","986":"\\","987":"n","988":"\\","989":"n","990":" ","991":" ","992":"/","993":"/","994":" ","995":"验","996":"证","997":"地","998":"址","999":"是","1000":"否","1001":"只","1002":"包","1003":"含","1004":"有","1005":"效","1006":"的","1007":"十","1008":"六","1009":"进","1010":"制","1011":"字","1012":"符","1013":"\\","1014":"n","1015":" ","1016":" ","1017":"c","1018":"o","1019":"n","1020":"s","1021":"t","1022":" ","1023":"v","1024":"a","1025":"l","1026":"i","1027":"d","1028":"H","1029":"e","1030":"x","1031":" ","1032":"=","1033":" ","1034":"/","1035":"^","1036":"0","1037":"x","1038":"[","1039":"0","1040":"-","1041":"9","1042":"a","1043":"-","1044":"f","1045":"A","1046":"-","1047":"F","1048":"]","1049":"{","1050":"4","1051":"0","1052":"}","1053":"$","1054":"/","1055":";","1056":"\\","1057":"n","1058":" ","1059":" ","1060":"i","1061":"f","1062":" ","1063":"(","1064":"!","1065":"v","1066":"a","1067":"l","1068":"i","1069":"d","1070":"H","1071":"e","1072":"x","1073":".","1074":"t","1075":"e","1076":"s","1077":"t","1078":"(","1079":"a","1080":"d","1081":"d","1082":"r","1083":"e","1084":"s","1085":"s","1086":")","1087":")","1088":" ","1089":"{","1090":"\\","1091":"n","1092":" ","1093":" ","1094":" ","1095":" ","1096":"t","1097":"h","1098":"r","1099":"o","1100":"w","1101":" ","1102":"n","1103":"e","1104":"w","1105":" ","1106":"A","1107":"d","1108":"d","1109":"r","1110":"e","1111":"s","1112":"s","1113":"F","1114":"o","1115":"r","1116":"m","1117":"a","1118":"t","1119":"E","1120":"r","1121":"r","1122":"o","1123":"r","1124":"(","1125":"'","1126":"A","1127":"d","1128":"d","1129":"r","1130":"e","1131":"s","1132":"s","1133":" ","1134":"c","1135":"o","1136":"n","1137":"t","1138":"a","1139":"i","1140":"n","1141":"s","1142":" ","1143":"i","1144":"n","1145":"v","1146":"a","1147":"l","1148":"i","1149":"d","1150":" ","1151":"c","1152":"h","1153":"a","1154":"r","1155":"a","1156":"c","1157":"t","1158":"e","1159":"r","1160":"s","1161":"'","1162":")","1163":";","1164":"\\","1165":"n","1166":" ","1167":" ","1168":"}","1169":"\\","1170":"n","1171":"}","1172":"\\","1173":"n","1174":"\\","1175":"n","1176":"/","1177":"*","1178":"*","1179":"\\","1180":"n","1181":" ","1182":"*","1183":" ","1184":"F","1185":"o","1186":"r","1187":"m","1188":"a","1189":"t","1190":"s","1191":" ","1192":"a","1193":" ","1194":"g","1195":"i","1196":"v","1197":"e","1198":"n","1199":" ","1200":"E","1201":"t","1202":"h","1203":"e","1204":"r","1205":"e","1206":"u","1207":"m","1208":" ","1209":"a","1210":"d","1211":"d","1212":"r","1213":"e","1214":"s","1215":"s","1216":" ","1217":"t","1218":"o","1219":" ","1220":"a","1221":" ","1222":"s","1223":"h","1224":"o","1225":"r","1226":"t","1227":"e","1228":"r","1229":" ","1230":"v","1231":"e","1232":"r","1233":"s","1234":"i","1235":"o","1236":"n","1237":".","1238":"\\","1239":"n","1240":" ","1241":"*","1242":"\\","1243":"n","1244":" ","1245":"*","1246":" ","1247":"@","1248":"p","1249":"a","1250":"r","1251":"a","1252":"m","1253":" ","1254":"a","1255":"d","1256":"d","1257":"r","1258":"e","1259":"s","1260":"s","1261":" ","1262":"-","1263":" ","1264":"T","1265":"h","1266":"e","1267":" ","1268":"f","1269":"u","1270":"l","1271":"l","1272":" ","1273":"E","1274":"t","1275":"h","1276":"e","1277":"r","1278":"e","1279":"u","1280":"m","1281":" ","1282":"a","1283":"d","1284":"d","1285":"r","1286":"e","1287":"s","1288":"s","1289":"\\","1290":"n","1291":" ","1292":"*","1293":" ","1294":"@","1295":"p","1296":"a","1297":"r","1298":"a","1299":"m","1300":" ","1301":"c","1302":"h","1303":"a","1304":"r","1305":"s","1306":" ","1307":"-","1308":" ","1309":"T","1310":"h","1311":"e","1312":" ","1313":"n","1314":"u","1315":"m","1316":"b","1317":"e","1318":"r","1319":" ","1320":"o","1321":"f","1322":" ","1323":"c","1324":"h","1325":"a","1326":"r","1327":"a","1328":"c","1329":"t","1330":"e","1331":"r","1332":"s","1333":" ","1334":"t","1335":"o","1336":" ","1337":"s","1338":"h","1339":"o","1340":"w","1341":" ","1342":"a","1343":"t","1344":" ","1345":"t","1346":"h","1347":"e","1348":" ","1349":"s","1350":"t","1351":"a","1352":"r","1353":"t","1354":" ","1355":"a","1356":"n","1357":"d","1358":" ","1359":"e","1360":"n","1361":"d","1362":".","1363":" ","1364":"D","1365":"e","1366":"f","1367":"a","1368":"u","1369":"l","1370":"t","1371":" ","1372":"i","1373":"s","1374":" ","1375":"3","1376":"\\","1377":"n","1378":" ","1379":"*","1380":" ","1381":"@","1382":"r","1383":"e","1384":"t","1385":"u","1386":"r","1387":"n","1388":"s","1389":" ","1390":"T","1391":"h","1392":"e","1393":" ","1394":"f","1395":"o","1396":"r","1397":"m","1398":"a","1399":"t","1400":"t","1401":"e","1402":"d","1403":" ","1404":"a","1405":"d","1406":"d","1407":"r","1408":"e","1409":"s","1410":"s","1411":"\\","1412":"n","1413":" ","1414":"*","1415":" ","1416":"@","1417":"t","1418":"h","1419":"r","1420":"o","1421":"w","1422":"s","1423":" ","1424":"{","1425":"A","1426":"d","1427":"d","1428":"r","1429":"e","1430":"s","1431":"s","1432":"F","1433":"o","1434":"r","1435":"m","1436":"a","1437":"t","1438":"E","1439":"r","1440":"r","1441":"o","1442":"r","1443":"}","1444":" ","1445":"I","1446":"f","1447":" ","1448":"t","1449":"h","1450":"e","1451":" ","1452":"a","1453":"d","1454":"d","1455":"r","1456":"e","1457":"s","1458":"s","1459":" ","1460":"i","1461":"s","1462":" ","1463":"i","1464":"n","1465":"v","1466":"a","1467":"l","1468":"i","1469":"d","1470":" ","1471":"o","1472":"r","1473":" ","1474":"c","1475":"h","1476":"a","1477":"r","1478":"s","1479":" ","1480":"i","1481":"s","1482":" ","1483":"i","1484":"n","1485":"v","1486":"a","1487":"l","1488":"i","1489":"d","1490":"\\","1491":"n","1492":" ","1493":"*","1494":"/","1495":"\\","1496":"n","1497":"e","1498":"x","1499":"p","1500":"o","1501":"r","1502":"t","1503":" ","1504":"f","1505":"u","1506":"n","1507":"c","1508":"t","1509":"i","1510":"o","1511":"n","1512":" ","1513":"f","1514":"o","1515":"r","1516":"m","1517":"a","1518":"t","1519":"A","1520":"d","1521":"d","1522":"r","1523":"e","1524":"s","1525":"s","1526":"(","1527":"a","1528":"d","1529":"d","1530":"r","1531":"e","1532":"s","1533":"s","1534":":","1535":" ","1536":"s","1537":"t","1538":"r","1539":"i","1540":"n","1541":"g","1542":",","1543":" ","1544":"c","1545":"h","1546":"a","1547":"r","1548":"s","1549":":","1550":" ","1551":"n","1552":"u","1553":"m","1554":"b","1555":"e","1556":"r","1557":" ","1558":"=","1559":" ","1560":"3","1561":")","1562":":","1563":" ","1564":"s","1565":"t","1566":"r","1567":"i","1568":"n","1569":"g","1570":" ","1571":"{","1572":"\\","1573":"n","1574":" ","1575":" ","1576":"t","1577":"r","1578":"y","1579":" ","1580":"{","1581":"\\","1582":"n","1583":" ","1584":" ","1585":" ","1586":" ","1587":"v","1588":"a","1589":"l","1590":"i","1591":"d","1592":"a","1593":"t","1594":"e","1595":"A","1596":"d","1597":"d","1598":"r","1599":"e","1600":"s","1601":"s","1602":"(","1603":"a","1604":"d","1605":"d","1606":"r","1607":"e","1608":"s","1609":"s","1610":")","1611":";","1612":"\\","1613":"n","1614":"\\","1615":"n","1616":" ","1617":" ","1618":" ","1619":" ","1620":"/","1621":"/","1622":" ","1623":"验","1624":"证","1625":" ","1626":"c","1627":"h","1628":"a","1629":"r","1630":"s","1631":" ","1632":"参","1633":"数","1634":"\\","1635":"n","1636":" ","1637":" ","1638":" ","1639":" ","1640":"i","1641":"f","1642":" ","1643":"(","1644":"t","1645":"y","1646":"p","1647":"e","1648":"o","1649":"f","1650":" ","1651":"c","1652":"h","1653":"a","1654":"r","1655":"s","1656":" ","1657":"!","1658":"=","1659":"=","1660":" ","1661":"'","1662":"n","1663":"u","1664":"m","1665":"b","1666":"e","1667":"r","1668":"'","1669":")","1670":" ","1671":"{","1672":"\\","1673":"n","1674":" ","1675":" ","1676":" ","1677":" ","1678":" ","1679":" ","1680":"t","1681":"h","1682":"r","1683":"o","1684":"w","1685":" ","1686":"n","1687":"e","1688":"w","1689":" ","1690":"A","1691":"d","1692":"d","1693":"r","1694":"e","1695":"s","1696":"s","1697":"F","1698":"o","1699":"r","1700":"m","1701":"a","1702":"t","1703":"E","1704":"r","1705":"r","1706":"o","1707":"r","1708":"(","1709":"'","1710":"C","1711":"h","1712":"a","1713":"r","1714":"s","1715":" ","1716":"p","1717":"a","1718":"r","1719":"a","1720":"m","1721":"e","1722":"t","1723":"e","1724":"r","1725":" ","1726":"m","1727":"u","1728":"s","1729":"t","1730":" ","1731":"b","1732":"e","1733":" ","1734":"a","1735":" ","1736":"n","1737":"u","1738":"m","1739":"b","1740":"e","1741":"r","1742":"'","1743":")","1744":";","1745":"\\","1746":"n","1747":" ","1748":" ","1749":" ","1750":" ","1751":"}","1752":"\\","1753":"n","1754":"\\","1755":"n","1756":" ","1757":" ","1758":" ","1759":" ","1760":"i","1761":"f","1762":" ","1763":"(","1764":"c","1765":"h","1766":"a","1767":"r","1768":"s","1769":" ","1770":"<","1771":" ","1772":"0","1773":")","1774":" ","1775":"{","1776":"\\","1777":"n","1778":" ","1779":" ","1780":" ","1781":" ","1782":" ","1783":" ","1784":"t","1785":"h","1786":"r","1787":"o","1788":"w","1789":" ","1790":"n","1791":"e","1792":"w","1793":" ","1794":"A","1795":"d","1796":"d","1797":"r","1798":"e","1799":"s","1800":"s","1801":"F","1802":"o","1803":"r","1804":"m","1805":"a","1806":"t","1807":"E","1808":"r","1809":"r","1810":"o","1811":"r","1812":"(","1813":"'","1814":"C","1815":"h","1816":"a","1817":"r","1818":"s","1819":" ","1820":"p","1821":"a","1822":"r","1823":"a","1824":"m","1825":"e","1826":"t","1827":"e","1828":"r","1829":" ","1830":"c","1831":"a","1832":"n","1833":"n","1834":"o","1835":"t","1836":" ","1837":"b","1838":"e","1839":" ","1840":"n","1841":"e","1842":"g","1843":"a","1844":"t","1845":"i","1846":"v","1847":"e","1848":"'","1849":")","1850":";","1851":"\\","1852":"n","1853":" ","1854":" ","1855":" ","1856":" ","1857":"}","1858":"\\","1859":"n","1860":"\\","1861":"n","1862":" ","1863":" ","1864":" ","1865":" ","1866":"i","1867":"f","1868":" ","1869":"(","1870":"c","1871":"h","1872":"a","1873":"r","1874":"s","1875":" ","1876":"=","1877":"=","1878":"=","1879":" ","1880":"0","1881":")","1882":" ","1883":"{","1884":"\\","1885":"n","1886":" ","1887":" ","1888":" ","1889":" ","1890":" ","1891":" ","1892":"r","1893":"e","1894":"t","1895":"u","1896":"r","1897":"n","1898":" ","1899":"'","1900":"0","1901":"x","1902":".","1903":".","1904":".","1905":"'","1906":";","1907":"\\","1908":"n","1909":" ","1910":" ","1911":" ","1912":" ","1913":"}","1914":"\\","1915":"n","1916":"\\","1917":"n","1918":" ","1919":" ","1920":" ","1921":" ","1922":"/","1923":"/","1924":" ","1925":"计","1926":"算","1927":"可","1928":"用","1929":"于","1930":"显","1931":"示","1932":"的","1933":"最","1934":"大","1935":"字","1936":"符","1937":"数","1938":"\\","1939":"n","1940":" ","1941":" ","1942":" ","1943":" ","1944":"/","1945":"/","1946":" ","1947":"总","1948":"长","1949":"度","1950":"(","1951":"4","1952":"2","1953":")","1954":" ","1955":"-","1956":" ","1957":"'","1958":"0","1959":"x","1960":"'","1961":"(","1962":"2","1963":")","1964":" ","1965":"-","1966":" ","1967":"'","1968":".","1969":".","1970":".","1971":"'","1972":"(","1973":"3","1974":")","1975":" ","1976":"=","1977":" ","1978":"3","1979":"7","1980":" ","1981":"个","1982":"字","1983":"符","1984":"可","1985":"用","1986":"\\","1987":"n","1988":" ","1989":" ","1990":" ","1991":" ","1992":"/","1993":"/","1994":" ","1995":"除","1996":"以","1997":" ","1998":"2","1999":" ","2000":"是","2001":"因","2002":"为","2003":"我","2004":"们","2005":"要","2006":"在","2007":"开","2008":"头","2009":"和","2010":"结","2011":"尾","2012":"显","2013":"示","2014":"相","2015":"同","2016":"数","2017":"量","2018":"的","2019":"字","2020":"符","2021":"\\","2022":"n","2023":" ","2024":" ","2025":" ","2026":" ","2027":"c","2028":"o","2029":"n","2030":"s","2031":"t","2032":" ","2033":"m","2034":"a","2035":"x","2036":"C","2037":"h","2038":"a","2039":"r","2040":"s","2041":" ","2042":"=","2043":" ","2044":"M","2045":"a","2046":"t","2047":"h","2048":".","2049":"f","2050":"l","2051":"o","2052":"o","2053":"r","2054":"(","2055":"(","2056":"a","2057":"d","2058":"d","2059":"r","2060":"e","2061":"s","2062":"s","2063":".","2064":"l","2065":"e","2066":"n","2067":"g","2068":"t","2069":"h","2070":" ","2071":"-","2072":" ","2073":"5","2074":")","2075":" ","2076":"/","2077":" ","2078":"2","2079":")","2080":";","2081":"\\","2082":"n","2083":"\\","2084":"n","2085":" ","2086":" ","2087":" ","2088":" ","2089":"/","2090":"/","2091":" ","2092":"如","2093":"果","2094":"请","2095":"求","2096":"的","2097":"字","2098":"符","2099":"数","2100":"超","2101":"过","2102":"最","2103":"大","2104":"值","2105":"，","2106":"返","2107":"回","2108":"完","2109":"整","2110":"地","2111":"址","2112":"\\","2113":"n","2114":" ","2115":" ","2116":" ","2117":" ","2118":"i","2119":"f","2120":" ","2121":"(","2122":"c","2123":"h","2124":"a","2125":"r","2126":"s","2127":" ","2128":">","2129":"=","2130":" ","2131":"m","2132":"a","2133":"x","2134":"C","2135":"h","2136":"a","2137":"r","2138":"s","2139":")","2140":" ","2141":"{","2142":"\\","2143":"n","2144":" ","2145":" ","2146":" ","2147":" ","2148":" ","2149":" ","2150":"r","2151":"e","2152":"t","2153":"u","2154":"r","2155":"n","2156":" ","2157":"a","2158":"d","2159":"d","2160":"r","2161":"e","2162":"s","2163":"s","2164":";","2165":"\\","2166":"n","2167":" ","2168":" ","2169":" ","2170":" ","2171":"}","2172":"\\","2173":"n","2174":"\\","2175":"n","2176":" ","2177":" ","2178":" ","2179":" ","2180":"c","2181":"o","2182":"n","2183":"s","2184":"t","2185":" ","2186":"s","2187":"t","2188":"a","2189":"r","2190":"t","2191":" ","2192":"=","2193":" ","2194":"a","2195":"d","2196":"d","2197":"r","2198":"e","2199":"s","2200":"s","2201":".","2202":"s","2203":"u","2204":"b","2205":"s","2206":"t","2207":"r","2208":"i","2209":"n","2210":"g","2211":"(","2212":"0","2213":",","2214":" ","2215":"c","2216":"h","2217":"a","2218":"r","2219":"s","2220":" ","2221":"+","2222":" ","2223":"2","2224":")","2225":";","2226":" ","2227":"/","2228":"/","2229":" ","2230":"+","2231":"2","2232":" ","2233":"f","2234":"o","2235":"r","2236":" ","2237":"\\","2238":"\"","2239":"0","2240":"x","2241":"\\","2242":"\"","2243":"\\","2244":"n","2245":" ","2246":" ","2247":" ","2248":" ","2249":"c","2250":"o","2251":"n","2252":"s","2253":"t","2254":" ","2255":"e","2256":"n","2257":"d","2258":" ","2259":"=","2260":" ","2261":"a","2262":"d","2263":"d","2264":"r","2265":"e","2266":"s","2267":"s","2268":".","2269":"s","2270":"u","2271":"b","2272":"s","2273":"t","2274":"r","2275":"i","2276":"n","2277":"g","2278":"(","2279":"a","2280":"d","2281":"d","2282":"r","2283":"e","2284":"s","2285":"s","2286":".","2287":"l","2288":"e","2289":"n","2290":"g","2291":"t","2292":"h","2293":" ","2294":"-","2295":" ","2296":"c","2297":"h","2298":"a","2299":"r","2300":"s","2301":")","2302":";","2303":"\\","2304":"n","2305":" ","2306":" ","2307":" ","2308":" ","2309":"r","2310":"e","2311":"t","2312":"u","2313":"r","2314":"n","2315":" ","2316":"`","2317":"$","2318":"{","2319":"s","2320":"t","2321":"a","2322":"r","2323":"t","2324":"}","2325":".","2326":".","2327":".","2328":"$","2329":"{","2330":"e","2331":"n","2332":"d","2333":"}","2334":"`","2335":";","2336":"\\","2337":"n","2338":" ","2339":" ","2340":"}","2341":" ","2342":"c","2343":"a","2344":"t","2345":"c","2346":"h","2347":" ","2348":"(","2349":"e","2350":"r","2351":"r","2352":"o","2353":"r","2354":")","2355":" ","2356":"{","2357":"\\","2358":"n","2359":" ","2360":" ","2361":" ","2362":" ","2363":"/","2364":"/","2365":" ","2366":"重","2367":"新","2368":"抛","2369":"出","2370":"自","2371":"定","2372":"义","2373":"错","2374":"误","2375":"\\","2376":"n","2377":" ","2378":" ","2379":" ","2380":" ","2381":"i","2382":"f","2383":" ","2384":"(","2385":"e","2386":"r","2387":"r","2388":"o","2389":"r","2390":" ","2391":"i","2392":"n","2393":"s","2394":"t","2395":"a","2396":"n","2397":"c","2398":"e","2399":"o","2400":"f","2401":" ","2402":"A","2403":"d","2404":"d","2405":"r","2406":"e","2407":"s","2408":"s","2409":"F","2410":"o","2411":"r","2412":"m","2413":"a","2414":"t","2415":"E","2416":"r","2417":"r","2418":"o","2419":"r","2420":")","2421":" ","2422":"{","2423":"\\","2424":"n","2425":" ","2426":" ","2427":" ","2428":" ","2429":" ","2430":" ","2431":"t","2432":"h","2433":"r","2434":"o","2435":"w","2436":" ","2437":"e","2438":"r","2439":"r","2440":"o","2441":"r","2442":";","2443":"\\","2444":"n","2445":" ","2446":" ","2447":" ","2448":" ","2449":"}","2450":"\\","2451":"n","2452":" ","2453":" ","2454":" ","2455":" ","2456":"/","2457":"/","2458":" ","2459":"处","2460":"理","2461":"其","2462":"他","2463":"未","2464":"预","2465":"期","2466":"的","2467":"错","2468":"误","2469":"\\","2470":"n","2471":" ","2472":" ","2473":" ","2474":" ","2475":"t","2476":"h","2477":"r","2478":"o","2479":"w","2480":" ","2481":"n","2482":"e","2483":"w","2484":" ","2485":"A","2486":"d","2487":"d","2488":"r","2489":"e","2490":"s","2491":"s","2492":"F","2493":"o","2494":"r","2495":"m","2496":"a","2497":"t","2498":"E","2499":"r","2500":"r","2501":"o","2502":"r","2503":"(","2504":"'","2505":"U","2506":"n","2507":"e","2508":"x","2509":"p","2510":"e","2511":"c","2512":"t","2513":"e","2514":"d","2515":" ","2516":"e","2517":"r","2518":"r","2519":"o","2520":"r","2521":" ","2522":"f","2523":"o","2524":"r","2525":"m","2526":"a","2527":"t","2528":"t","2529":"i","2530":"n","2531":"g","2532":" ","2533":"a","2534":"d","2535":"d","2536":"r","2537":"e","2538":"s","2539":"s","2540":"'","2541":")","2542":";","2543":"\\","2544":"n","2545":" ","2546":" ","2547":"}","2548":"\\","2549":"n","2550":"}","2551":"\\","2552":"n","2553":"\"","2554":"]","2555":",","2556":"\"","2557":"n","2558":"a","2559":"m","2560":"e","2561":"s","2562":"\"","2563":":","2564":"[","2565":"\"","2566":"s","2567":"u","2568":"m","2569":"\"","2570":",","2571":"\"","2572":"a","2573":"\"","2574":",","2575":"\"","2576":"b","2577":"\"","2578":",","2579":"\"","2580":"A","2581":"d","2582":"d","2583":"r","2584":"e","2585":"s","2586":"s","2587":"F","2588":"o","2589":"r","2590":"m","2591":"a","2592":"t","2593":"E","2594":"r","2595":"r","2596":"o","2597":"r","2598":"\"","2599":",","2600":"\"","2601":"f","2602":"o","2603":"r","2604":"m","2605":"a","2606":"t","2607":"A","2608":"d","2609":"d","2610":"r","2611":"e","2612":"s","2613":"s","2614":"\"","2615":",","2616":"\"","2617":"E","2618":"r","2619":"r","2620":"o","2621":"r","2622":"\"","2623":",","2624":"\"","2625":"c","2626":"o","2627":"n","2628":"s","2629":"t","2630":"r","2631":"u","2632":"c","2633":"t","2634":"o","2635":"r","2636":"\"","2637":",","2638":"\"","2639":"m","2640":"e","2641":"s","2642":"s","2643":"a","2644":"g","2645":"e","2646":"\"","2647":",","2648":"\"","2649":"n","2650":"a","2651":"m","2652":"e","2653":"\"","2654":",","2655":"\"","2656":"a","2657":"d","2658":"d","2659":"r","2660":"e","2661":"s","2662":"s","2663":"\"","2664":",","2665":"\"","2666":"c","2667":"h","2668":"a","2669":"r","2670":"s","2671":"\"","2672":",","2673":"\"","2674":"v","2675":"a","2676":"l","2677":"i","2678":"d","2679":"a","2680":"t","2681":"e","2682":"A","2683":"d","2684":"d","2685":"r","2686":"e","2687":"s","2688":"s","2689":"\"","2690":",","2691":"\"","2692":"s","2693":"t","2694":"a","2695":"r","2696":"t","2697":"s","2698":"W","2699":"i","2700":"t","2701":"h","2702":"\"","2703":",","2704":"\"","2705":"l","2706":"e","2707":"n","2708":"g","2709":"t","2710":"h","2711":"\"","2712":",","2713":"\"","2714":"v","2715":"a","2716":"l","2717":"i","2718":"d","2719":"H","2720":"e","2721":"x","2722":"\"","2723":",","2724":"\"","2725":"t","2726":"e","2727":"s","2728":"t","2729":"\"","2730":",","2731":"\"","2732":"m","2733":"a","2734":"x","2735":"C","2736":"h","2737":"a","2738":"r","2739":"s","2740":"\"","2741":",","2742":"\"","2743":"M","2744":"a","2745":"t","2746":"h","2747":"\"","2748":",","2749":"\"","2750":"f","2751":"l","2752":"o","2753":"o","2754":"r","2755":"\"","2756":",","2757":"\"","2758":"s","2759":"t","2760":"a","2761":"r","2762":"t","2763":"\"","2764":",","2765":"\"","2766":"s","2767":"u","2768":"b","2769":"s","2770":"t","2771":"r","2772":"i","2773":"n","2774":"g","2775":"\"","2776":",","2777":"\"","2778":"e","2779":"n","2780":"d","2781":"\"","2782":",","2783":"\"","2784":"e","2785":"r","2786":"r","2787":"o","2788":"r","2789":"\"","2790":"]","2791":",","2792":"\"","2793":"m","2794":"a","2795":"p","2796":"p","2797":"i","2798":"n","2799":"g","2800":"s","2801":"\"","2802":":","2803":"\"","2804":"a","2805":"A","2806":"A","2807":"O","2808":",","2809":"S","2810":"A","2811":"A","2812":"S","2813":"A","2814":",","2815":"E","2816":"A","2817":"A","2818":"I","2819":"C","2820":",","2821":"C","2822":"A","2823":"A","2824":"S","2825":",","2826":"C","2827":"A","2828":"A","2829":"E","2830":"C","2831":",","2832":"C","2833":"A","2834":"A","2835":"S","2836":",","2837":"S","2838":"A","2839":"C","2840":"t","2841":"C","2842":",","2843":"A","2844":"A","2845":"A","2846":"I","2847":"D","2848":",","2849":"A","2850":"A","2851":"A","2852":"K","2853":",","2854":"G","2855":"A","2856":"A","2857":"L","2858":"A","2859":",","2860":"E","2861":"A","2862":"C","2863":"K","2864":",","2865":"E","2866":"A","2867":"E","2868":"A","2869":"A","2870":",","2871":"E","2872":"A","2873":"A","2874":"I","2875":"C","2876":",","2877":"C","2878":"A","2879":"E","2880":"f","2881":",","2882":"o","2883":"J","2884":"A","2885":"K","2886":"a","2887":"C","2888":",","2889":"k","2890":"B","2891":"A","2892":"A","2893":"k","2894":"B","2895":",","2896":"m","2897":"B","2898":"A","2899":"A","2900":"l","2901":"B","2902":"A","2903":",","2904":"G","2905":"A","2906":"y","2907":"C","2908":"G","2909":"C","2910":",","2911":"a","2912":"A","2913":"A","2914":"a","2915":",","2916":"m","2917":"B","2918":"A","2919":"A","2920":"b","2921":"A","2922":",","2923":"G","2924":"A","2925":"p","2926":"D","2927":"A","2928":"J","2929":",","2930":"G","2931":"A","2932":"A","2933":"G","2934":",","2935":"m","2936":"B","2937":"A","2938":"A","2939":"H","2940":"A","2941":",","2942":"I","2943":"A","2944":"W","2945":"T","2946":",","2947":"O","2948":"A","2949":"A","2950":"M","2951":"G","2952":",","2953":"U","2954":"A","2955":"A","2956":"2","2957":"B","2958":"E","2959":",","2960":"M","2961":"A","2962":"C","2963":"t","2964":"C","2965":"C","2966":",","2967":"Y","2968":"A","2969":"A","2970":"Y","2971":"C","2972":",","2973":"C","2974":"A","2975":"A","2976":"e","2977":",","2978":"C","2979":"A","2980":"A","2981":"E","2982":",","2983":"C","2984":"A","2985":"C","2986":"3","2987":"B","2988":",","2989":"K","2990":"A","2991":"A","2992":"K","2993":",","2994":"C","2995":"A","2996":"A","2997":"C","2998":"A","2999":",","3000":"G","3001":"A","3002":"C","3003":"N","3004":",","3005":"I","3006":"A","3007":"A","3008":"I","3009":",","3010":"C","3011":"A","3012":"A","3013":"C","3014":"C","3015":",","3016":"I","3017":"A","3018":"A","3019":"I","3020":",","3021":"C","3022":"A","3023":"A","3024":"G","3025":",","3026":"o","3027":"B","3028":"A","3029":"C","3030":"d","3031":",","3032":"C","3033":"A","3034":"C","3035":"F","3036":",","3037":"C","3038":"A","3039":"o","3040":"C","3041":"O","3042":",","3043":"S","3044":"A","3045":"A","3046":"S","3047":"J","3048":",","3049":"E","3050":"A","3051":"A","3052":"c","3053":"K","3054":",","3055":"C","3056":"A","3057":"A","3058":"e","3059":",","3060":"C","3061":"A","3062":"A","3063":"E","3064":"C","3065":",","3066":"E","3067":"A","3068":"A","3069":"g","3070":"B","3071":",","3072":"C","3073":"A","3074":"A","3075":"C","3076":",","3077":"E","3078":"A","3079":"C","3080":"9","3081":"D","3082":",","3083":"G","3084":"A","3085":"A","3086":"I","3087":",","3088":"C","3089":"A","3090":"I","3091":"F","3092":",","3093":"I","3094":"A","3095":"H","3096":"A","3097":"C","3098":",","3099":"A","3100":"A","3101":"9","3102":"B","3103":"J","3104":",","3105":"S","3106":"A","3107":"A","3108":"y","3109":"B","3110":"F","3111":",","3112":"C","3113":"A","3114":"A","3115":"e","3116":",","3117":"E","3118":"A","3119":"C","3120":"t","3121":"C","3122":",","3123":"G","3124":"A","3125":"A","3126":"I","3127":",","3128":"A","3129":"A","3130":"A","3131":"m","3132":"B","3133":",","3134":"U","3135":"A","3136":"A","3137":"n","3138":"B","3139":",","3140":"O","3141":"A","3142":"A","3143":"O","3144":"A","3145":",","3146":"E","3147":"A","3148":"C","3149":"T","3150":",","3151":"M","3152":"A","3153":"A","3154":"M","3155":",","3156":"I","3157":"A","3158":"A","3159":"I","3160":"N","3161":",","3162":"E","3163":"A","3164":"A","3165":"m","3166":"B","3167":",","3168":"4","3169":"B","3170":"A","3171":"G","3172":"/","3173":"B","3174":",","3175":"G","3176":"A","3177":"A","3178":"I","3179":",","3180":"C","3181":"A","3182":"A","3183":"C","3184":"M","3185":",","3186":"E","3187":"A","3188":"A","3189":"Q","3190":"G","3191":",","3192":"U","3193":"A","3194":"A","3195":"U","3196":",","3197":"C","3198":"A","3199":"A","3200":"C","3201":",","3202":"M","3203":"A","3204":"C","3205":"t","3206":"B","3207":",","3208":"M","3209":"A","3210":"A","3211":"M","3212":",","3213":"I","3214":"A","3215":"A","3216":"I","3217":"T","3218":",","3219":"E","3220":"A","3221":"A","3222":"m","3223":"B","3224":",","3225":"8","3226":"B","3227":"A","3228":"G","3229":"/","3230":"B","3231":",","3232":"G","3233":"A","3234":"A","3235":"I","3236":"M","3237":",","3238":"A","3239":"A","3240":"A","3241":"m","3242":"B","3243":",","3244":"K","3245":"A","3246":"A","3247":"n","3248":"B","3249":"A","3250":",","3251":"E","3252":"A","3253":"A","3254":"Q","3255":"I","3256":",","3257":"M","3258":"A","3259":"A","3260":"M","3261":",","3262":"C","3263":"A","3264":"C","3265":"h","3266":"B","3267":",","3268":"M","3269":"A","3270":"A","3271":"M","3272":",","3273":"I","3274":"A","3275":"A","3276":"I","3277":"V","3278":",","3279":"E","3280":"A","3281":"A","3282":"m","3283":"B","3284":",","3285":"s","3286":"C","3287":"A","3288":"K","3289":"/","3290":"B","3291":",","3292":"G","3293":"A","3294":"A","3295":"I","3296":",","3297":"C","3298":"A","3299":"A","3300":"C","3301":"W","3302":",","3303":"A","3304":"A","3305":"D","3306":"Y","3307":",","3308":"s","3309":"B","3310":"A","3311":"C","3312":"H","3313":"C","3314":",","3315":"I","3316":"A","3317":"A","3318":"I","3319":",","3320":"C","3321":"A","3322":"A","3323":"C","3324":"N","3325":",","3326":"G","3327":"A","3328":"C","3329":"j","3330":"B","3331":",","3332":"M","3333":"A","3334":"A","3335":"M","3336":",","3337":"I","3338":"A","3339":"A","3340":"I","3341":"N","3342":",","3343":"E","3344":"A","3345":"A","3346":"m","3347":"B","3348":",","3349":"s","3350":"C","3351":"A","3352":"E","3353":"j","3354":"C","3355":",","3356":"E","3357":"A","3358":"Y","3359":"o","3360":"B","3361":"M","3362":",","3363":"G","3364":"A","3365":"G","3366":"Z","3367":",","3368":"A","3369":"A","3370":"A","3371":"i","3372":"B","3373":",","3374":"U","3375":"A","3376":"A","3377":"j","3378":"B","3379":",","3380":"O","3381":"A","3382":"A","3383":"O","3384":"C","3385":",","3386":"E","3387":"A","3388":"C","3389":"T","3390":",","3391":"M","3392":"A","3393":"A","3394":"M","3395":",","3396":"I","3397":"A","3398":"A","3399":"I","3400":"P","3401":",","3402":"E","3403":"A","3404":"A","3405":"m","3406":"B","3407":",","3408":"o","3409":"C","3410":"A","3411":"G","3412":"/","3413":"B","3414":",","3415":"G","3416":"A","3417":"A","3418":"I","3419":"O","3420":",","3421":"E","3422":"A","3423":"A","3424":"Q","3425":",","3426":"E","3427":"A","3428":"C","3429":"V","3430":",","3431":"M","3432":"A","3433":"A","3434":"M","3435":",","3436":"I","3437":"A","3438":"A","3439":"I","3440":"P","3441":",","3442":"E","3443":"A","3444":"A","3445":"m","3446":"B","3447":",","3448":"s","3449":"C","3450":"A","3451":"G","3452":"/","3453":"B","3454":",","3455":"G","3456":"A","3457":"A","3458":"I","3459":"O","3460":",","3461":"A","3462":"A","3463":"A","3464":"U","3465":",","3466":"I","3467":"A","3468":"A","3469":"V","3470":"A","3471":",","3472":"E","3473":"A","3474":"C","3475":"F","3476":",","3477":"M","3478":"A","3479":"A","3480":"O","3481":",","3482":"Q","3483":"A","3484":"M","3485":"T","3486":",","3487":"I","3488":"A","3489":"A","3490":"M","3491":"M","3492":",","3493":"E","3494":"A","3495":"A","3496":"W","3497":"C","3498":",","3499":"K","3500":"A","3501":"A","3502":"K","3503":"C","3504":",","3505":"K","3506":"A","3507":"A","3508":"K","3509":",","3510":"C","3511":"A","3512":"A","3513":"C","3514":",","3515":"A","3516":"A","3517":"A","3518":"C","3519":"T","3520":",","3521":"C","3522":"A","3523":"A","3524":"A","3525":"A","3526":",","3527":"E","3528":"A","3529":"A","3530":"Q","3531":"I","3532":",","3533":"M","3534":"A","3535":"A","3536":"M","3537":",","3538":"C","3539":"A","3540":"A","3541":"G","3542":",","3543":"C","3544":"A","3545":"A","3546":"A","3547":",","3548":"E","3549":"A","3550":"A","3551":"K","3552":",","3553":"G","3554":"A","3555":"G","3556":"n","3557":"D","3558":",","3559":"G","3560":"A","3561":"A","3562":"I","3563":"H","3564":",","3565":"G","3566":"A","3567":"A","3568":"S","3569":"M","3570":",","3571":"E","3572":"A","3573":"C","3574":"X","3575":",","3576":"O","3577":"A","3578":"A","3579":"O","3580":"P","3581":",","3582":"E","3583":"A","3584":"G","3585":"T","3586":",","3587":"I","3588":"A","3589":"A","3590":"M","3591":"U","3592":",","3593":"E","3594":"A","3595":"A","3596":"Q","3597":"V","3598":",","3599":"E","3600":"A","3601":"A","3602":"Q","3603":"W","3604":",","3605":"S","3606":"A","3607":"A","3608":"S","3609":",","3610":"C","3611":"A","3612":"A","3613":"C","3614":",","3615":"E","3616":"A","3617":"A","3618":"G","3619":"V","3620":",","3621":"E","3622":"A","3623":"A","3624":"Q","3625":",","3626":"G","3627":"A","3628":"C","3629":"r","3630":"C","3631":"W","3632":",","3633":"E","3634":"A","3635":"A","3636":"M","3637":"Z","3638":",","3639":"E","3640":"A","3641":"A","3642":"Q","3643":"W","3644":",","3645":"S","3646":"A","3647":"A","3648":"S","3649":",","3650":"C","3651":"A","3652":"A","3653":"C","3654":"X","3655":",","3656":"E","3657":"A","3658":"A","3659":"Q","3660":"I","3661":",","3662":"M","3663":"A","3664":"A","3665":"M","3666":",","3667":"C","3668":"A","3669":"A","3670":"G","3671":"H","3672":",","3673":"G","3674":"A","3675":"C","3676":"/","3677":"C","3678":",","3679":"M","3680":"A","3681":"A","3682":"O","3683":",","3684":"C","3685":"A","3686":"A","3687":"C","3688":",","3689":"E","3690":"A","3691":"A","3692":"E","3693":"S","3694":",","3695":"E","3696":"A","3697":"A","3698":"M","3699":",","3700":"G","3701":"A","3702":"A","3703":"G","3704":",","3705":"E","3706":"A","3707":"A","3708":"E","3709":"E","3710":",","3711":"E","3712":"A","3713":"A","3714":"I","3715":",","3716":"C","3717":"A","3718":"A","3719":"C","3720":",","3721":"A","3722":"A","3723":"C","3724":"5","3725":"B","3726":",","3727":"C","3728":"A","3729":"A","3730":"E","3731":",","3732":"M","3733":"A","3734":"A","3735":"O","3736":"C","3737":",","3738":"E","3739":"A","3740":"A","3741":"O","3742":",","3743":"C","3744":"A","3745":"E","3746":"d","3747":",","3748":"G","3749":"A","3750":"A","3751":"I","3752":"A","3753":",","3754":"a","3755":"A","3756":"A","3757":"i","3758":"B","3759":"n","3760":"B","3761":",","3762":"E","3763":"A","3764":"C","3765":"n","3766":"B","3767":",","3768":"M","3769":"A","3770":"A","3771":"M","3772":"m","3773":"B","3774":",","3775":"C","3776":"A","3777":"G","3778":"R","3779":",","3780":"O","3781":"A","3782":"A","3783":"M","3784":",","3785":"I","3786":"A","3787":"A","3788":"I","3789":"n","3790":"B","3791":",","3792":"E","3793":"A","3794":"A","3795":"m","3796":"B","3797":",","3798":"s","3799":"C","3800":"A","3801":"C","3802":"/","3803":"B","3804":",","3805":"C","3806":"A","3807":"C","3808":"F","3809":"\"","3810":"}"},"_coverageSchema":"1a1c01bbd47fc00a2c39e90264f33305004495a9","hash":"029f88d9e21465f937911a63477bfe634a2b55b8"}
}
