{
  "numFailedTestSuites": 1,
  "numFailedTests": 0,
  "numPassedTestSuites": 1,
  "numPassedTests": 1,
  "numPendingTestSuites": 0,
  "numPendingTests": 0,
  "numRuntimeErrorTestSuites": 1,
  "numTodoTests": 0,
  "numTotalTestSuites": 3,
  "numTotalTests": 1,
  "openHandles": [],
  "snapshot": {
    "added": 0,
    "didUpdate": false,
    "failure": false,
    "filesAdded": 0,
    "filesRemoved": 0,
    "filesRemovedList": [],
    "filesUnmatched": 0,
    "filesUpdated": 0,
    "matched": 0,
    "total": 0,
    "unchecked": 0,
    "uncheckedKeysByFile": [],
    "unmatched": 0,
    "updated": 0
  },
  "startTime": 1741177280849,
  "success": false,
  "testResults": [
    {
      "failureMessage": "  \u001b[1m● \u001b[22mTest suite failed to run\n\n    \u001b[31m\u001b[1mConfiguration error\u001b[22m:\u001b[39m\n    \u001b[31m\u001b[39m\n    \u001b[31mCould not locate module \u001b[1m@utils/index\u001b[22m mapped as:\u001b[39m\n    \u001b[31m\u001b[1m/Users/taojiang/Documents/study/web3-blog-shop/apps/dex/src/utils$1\u001b[22m.\u001b[39m\n    \u001b[31m\u001b[39m\n    \u001b[31mPlease check your configuration for these entries:\u001b[39m\n    \u001b[31m{\u001b[39m\n    \u001b[31m  \"moduleNameMapper\": {\u001b[39m\n    \u001b[31m    \"/^@utils(.*)$/\": \"\u001b[1m/Users/taojiang/Documents/study/web3-blog-shop/apps/dex/src/utils$1\u001b[22m\"\u001b[39m\n    \u001b[31m  },\u001b[39m\n    \u001b[31m  \"resolver\": \u001b[1mundefined\u001b[22m\u001b[39m\n    \u001b[31m}\u001b[39m\n\n      3 |   expect(sum(1, 2)).toBe(1);\n      4 |   expect(sum(2, 2)).toBe(4);\n    > 5 | });\n        |    ^\n      6 |\n\n      \u001b[2mat createNoMappedModuleFoundError (\u001b[22mnode_modules/.pnpm/jest-resolve@29.7.0/node_modules/jest-resolve/build/resolver.js\u001b[2m:759:17)\u001b[22m\n      \u001b[2mat Object.<anonymous> (\u001b[22m\u001b[0m\u001b[36mtests/unit/sum.spec.ts\u001b[39m\u001b[0m\u001b[2m:5:16)\u001b[22m\n",
      "leaks": false,
      "numFailingTests": 0,
      "numPassingTests": 0,
      "numPendingTests": 0,
      "numTodoTests": 0,
      "openHandles": [],
      "perfStats": {
        "end": 0,
        "runtime": 0,
        "slow": false,
        "start": 0
      },
      "skipped": false,
      "snapshot": {
        "added": 0,
        "fileDeleted": false,
        "matched": 0,
        "unchecked": 0,
        "uncheckedKeys": [],
        "unmatched": 0,
        "updated": 0
      },
      "testExecError": "\u001b[31m\u001b[1mConfiguration error\u001b[22m:\u001b[39m\n\u001b[31m\u001b[39m\n\u001b[31mCould not locate module \u001b[1m@utils/index\u001b[22m mapped as:\u001b[39m\n\u001b[31m\u001b[1m/Users/taojiang/Documents/study/web3-blog-shop/apps/dex/src/utils$1\u001b[22m.\u001b[39m\n\u001b[31m\u001b[39m\n\u001b[31mPlease check your configuration for these entries:\u001b[39m\n\u001b[31m{\u001b[39m\n\u001b[31m  \"moduleNameMapper\": {\u001b[39m\n\u001b[31m    \"/^@utils(.*)$/\": \"\u001b[1m/Users/taojiang/Documents/study/web3-blog-shop/apps/dex/src/utils$1\u001b[22m\"\u001b[39m\n\u001b[31m  },\u001b[39m\n\u001b[31m  \"resolver\": \u001b[1mundefined\u001b[22m\u001b[39m\n\u001b[31m}\u001b[39m",
      "testFilePath": "/Users/taojiang/Documents/study/web3-blog-shop/apps/dex/tests/unit/sum.spec.ts",
      "testResults": []
    },
    {
      "leaks": false,
      "numFailingTests": 0,
      "numPassingTests": 1,
      "numPendingTests": 0,
      "numTodoTests": 0,
      "openHandles": [],
      "perfStats": {
        "end": 1741177284229,
        "runtime": 1527,
        "slow": false,
        "start": 1741177282702
      },
      "skipped": false,
      "snapshot": {
        "added": 0,
        "fileDeleted": false,
        "matched": 0,
        "unchecked": 0,
        "uncheckedKeys": [],
        "unmatched": 0,
        "updated": 0
      },
      "testFilePath": "/Users/taojiang/Documents/study/web3-blog-shop/apps/dex/tests/unit/index.spec.ts",
      "testResults": [
        {
          "ancestorTitles": [
            "综合性的测试"
          ],
          "duration": 16,
          "failureDetails": [],
          "failureMessages": [],
          "fullName": "综合性的测试 简单的测试",
          "invocations": 1,
          "location": {
            "column": 3,
            "line": 2
          },
          "numPassingAsserts": 1,
          "retryReasons": [],
          "status": "passed",
          "title": "简单的测试"
        }
      ],
      "failureMessage": null
    }
  ],
  "wasInterrupted": false
}